<?xml version="1.0" encoding="UTF-8"?>
<!-- Generated by org.testng.reporters.JUnitXMLReporter -->
<testsuite ignored="0" hostname="TYSS-Sanjay" failures="1" tests="1" name="Surefire test" time="33.945" errors="0" timestamp="08 May 2024 10:05:12 GMT">
  <testcase classname="DataDrivenTesting.CreateProjectInGUIVerifyInDatabaseTest" name="createProject" time="33.928">
    <failure type="java.lang.AssertionError" message="null">
      <![CDATA[java.lang.AssertionError: null
at DataDrivenTesting.CreateProjectInGUIVerifyInDatabaseTest.createProject(CreateProjectInGUIVerifyInDatabaseTest.java:95)
... Removed 32 stack frames]]>
    </failure>
  </testcase> <!-- createProject -->
</testsuite> <!-- Surefire test -->
